2024/01/01 21:37:00 Node node-8007 joined
2024/01/01 21:37:00 Joining 7 peers
2024/01/01 21:37:00 Node node-8001 joined
2024/01/01 21:37:00 Node node-8003 joined
2024/01/01 21:37:00 Node node-8005 joined
2024/01/01 21:37:00 Node node-8004 joined
2024/01/01 21:37:00 Node node-8000 joined
2024/01/01 21:37:00 Node node-8006 joined
2024/01/01 21:37:00 Node node-8002 joined
2024/01/01 21:37:00 Listening on :8087
2024/01/01 21:37:02 Node node-8008 joined
2024/01/01 21:37:04 Node node-8009 joined
2024/01/01 21:37:19 Finished broadcasting 69b
2024/01/01 21:37:22 Finished broadcasting 69b
2024/01/01 21:37:24 Finished broadcasting 69b
2024/01/01 21:37:25 Finished broadcasting 69b
2024/01/01 21:37:26 Finished broadcasting 69b
2024/01/01 21:37:30 Finished broadcasting omar
2024/01/01 21:37:34 Finished broadcasting omar
2024/01/01 21:37:36 Finished broadcasting omar
2024/01/01 21:37:37 Finished broadcasting omar
2024/01/01 21:37:38 Finished broadcasting omar
2024/01/01 21:37:39 Finished broadcasting omar
2024/01/01 21:37:39 Finished broadcasting omar
2024/01/01 21:37:40 Finished broadcasting omar
2024/01/01 21:37:41 Finished broadcasting omar
2024/01/01 21:37:42 Finished broadcasting omar
2024/01/01 21:37:43 Finished broadcasting omar
2024/01/01 21:37:44 Finished broadcasting omar
2024/01/01 21:37:47 Finished broadcasting 69b
2024/01/01 21:45:20 Node node-8007 joined
2024/01/01 21:45:20 Joining 7 peers
2024/01/01 21:45:20 Node node-8005 joined
2024/01/01 21:45:20 Node node-8003 joined
2024/01/01 21:45:20 Node node-8000 joined
2024/01/01 21:45:20 Node node-8001 joined
2024/01/01 21:45:20 Node node-8004 joined
2024/01/01 21:45:20 Node node-8006 joined
2024/01/01 21:45:20 Node node-8002 joined
2024/01/01 21:45:20 Listening on :8087
2024/01/01 21:45:22 Node node-8008 joined
2024/01/01 21:45:24 Node node-8009 joined
2024/01/01 21:47:30 Node node-8007 joined
2024/01/01 21:47:30 Joining 7 peers
2024/01/01 21:47:30 Node node-8004 joined
2024/01/01 21:47:30 Node node-8005 joined
2024/01/01 21:47:30 Node node-8006 joined
2024/01/01 21:47:30 Node node-8002 joined
2024/01/01 21:47:30 Node node-8003 joined
2024/01/01 21:47:30 Node node-8000 joined
2024/01/01 21:47:30 Node node-8001 joined
2024/01/01 21:47:30 Listening on :8087
2024/01/01 21:47:32 Node node-8008 joined
2024/01/01 21:47:34 Node node-8009 joined
2024/01/01 21:50:04 Finished broadcasting 69b
2024/01/01 21:50:09 Finished broadcasting 69b
2024/01/01 21:50:10 Finished broadcasting 69b
2024/01/01 21:50:11 Finished broadcasting 69b
2024/01/01 21:50:12 Finished broadcasting 69b
2024/01/01 21:50:13 Finished broadcasting 69b
