2024/01/01 21:36:54 Node node-8004 joined
2024/01/01 21:36:54 Joining 4 peers
2024/01/01 21:36:54 Node node-8000 joined
2024/01/01 21:36:54 Node node-8002 joined
2024/01/01 21:36:54 Node node-8003 joined
2024/01/01 21:36:54 Node node-8001 joined
2024/01/01 21:36:54 Listening on :8084
2024/01/01 21:36:56 Node node-8005 joined
2024/01/01 21:36:58 Node node-8006 joined
2024/01/01 21:37:00 Node node-8007 joined
2024/01/01 21:37:02 Node node-8008 joined
2024/01/01 21:37:04 Node node-8009 joined
2024/01/01 21:37:19 Received message: 69b
2024/01/01 21:37:22 Received message: 69b
2024/01/01 21:37:22 Received message: 69b
2024/01/01 21:37:24 Received message: 69b
2024/01/01 21:37:25 Received message: 69b
2024/01/01 21:37:35 Received message: omar
2024/01/01 21:37:39 Received message: omar
2024/01/01 21:37:41 Received message: omar
2024/01/01 21:37:43 Received message: omar
2024/01/01 21:37:44 Received message: omar
2024/01/01 21:37:44 Received message: omar
2024/01/01 21:37:47 Received message: 69b
2024/01/01 21:45:14 Node node-8004 joined
2024/01/01 21:45:14 Joining 4 peers
2024/01/01 21:45:14 Node node-8000 joined
2024/01/01 21:45:14 Node node-8003 joined
2024/01/01 21:45:14 Node node-8002 joined
2024/01/01 21:45:14 Node node-8001 joined
2024/01/01 21:45:14 Listening on :8084
2024/01/01 21:45:16 Node node-8005 joined
2024/01/01 21:45:18 Node node-8006 joined
2024/01/01 21:45:20 Node node-8007 joined
2024/01/01 21:45:22 Node node-8008 joined
2024/01/01 21:45:24 Node node-8009 joined
2024/01/01 21:47:24 Node node-8004 joined
2024/01/01 21:47:24 Joining 4 peers
2024/01/01 21:47:24 Node node-8000 joined
2024/01/01 21:47:24 Node node-8003 joined
2024/01/01 21:47:24 Node node-8001 joined
2024/01/01 21:47:24 Node node-8002 joined
2024/01/01 21:47:24 Listening on :8084
2024/01/01 21:47:26 Node node-8005 joined
2024/01/01 21:47:28 Node node-8006 joined
2024/01/01 21:47:30 Node node-8007 joined
2024/01/01 21:47:32 Node node-8008 joined
2024/01/01 21:47:34 Node node-8009 joined
2024/01/01 21:50:04 Received message: 69b
2024/01/01 21:50:09 Received message: 69b
2024/01/01 21:50:10 Received message: 69b
2024/01/01 21:50:11 Received message: 69b
2024/01/01 21:50:13 Received message: 69b
