2024/01/01 21:36:48 Node node-8001 joined
2024/01/01 21:36:48 Joining 1 peers
2024/01/01 21:36:48 Node node-8000 joined
2024/01/01 21:36:48 Listening on :8081
2024/01/01 21:36:50 Node node-8002 joined
2024/01/01 21:36:52 Node node-8003 joined
2024/01/01 21:36:54 Node node-8004 joined
2024/01/01 21:36:56 Node node-8005 joined
2024/01/01 21:36:58 Node node-8006 joined
2024/01/01 21:37:00 Node node-8007 joined
2024/01/01 21:37:02 Node node-8008 joined
2024/01/01 21:37:04 Node node-8009 joined
2024/01/01 21:37:19 Received message: 69b
2024/01/01 21:37:22 Received message: 69b
2024/01/01 21:37:26 Received message: 69b
2024/01/01 21:37:26 Received message: 69b
2024/01/01 21:37:36 Received message: omar
2024/01/01 21:37:37 Received message: omar
2024/01/01 21:37:38 Received message: omar
2024/01/01 21:37:39 Received message: omar
2024/01/01 21:37:40 Received message: omar
2024/01/01 21:37:41 Received message: omar
2024/01/01 21:37:41 Received message: omar
2024/01/01 21:37:42 Received message: omar
2024/01/01 21:37:43 Received message: omar
2024/01/01 21:37:44 Received message: omar
2024/01/01 21:37:44 Received message: omar
2024/01/01 21:45:08 Node node-8001 joined
2024/01/01 21:45:08 Joining 1 peers
2024/01/01 21:45:08 Node node-8000 joined
2024/01/01 21:45:08 Listening on :8081
2024/01/01 21:45:10 Node node-8002 joined
2024/01/01 21:45:12 Node node-8003 joined
2024/01/01 21:45:14 Node node-8004 joined
2024/01/01 21:45:16 Node node-8005 joined
2024/01/01 21:45:18 Node node-8006 joined
2024/01/01 21:45:20 Node node-8007 joined
2024/01/01 21:45:22 Node node-8008 joined
2024/01/01 21:45:24 Node node-8009 joined
2024/01/01 21:47:18 Node node-8001 joined
2024/01/01 21:47:18 Joining 1 peers
2024/01/01 21:47:18 Node node-8000 joined
2024/01/01 21:47:18 Listening on :8081
2024/01/01 21:47:20 Node node-8002 joined
2024/01/01 21:47:22 Node node-8003 joined
2024/01/01 21:47:24 Node node-8004 joined
2024/01/01 21:47:26 Node node-8005 joined
2024/01/01 21:47:28 Node node-8006 joined
2024/01/01 21:47:30 Node node-8007 joined
2024/01/01 21:47:32 Node node-8008 joined
2024/01/01 21:47:34 Node node-8009 joined
2024/01/01 21:50:09 Received message: 69b
2024/01/01 21:50:10 Received message: 69b
2024/01/01 21:50:12 Received message: 69b
2024/01/01 21:50:12 Received message: 69b
2024/01/01 21:50:13 Received message: 69b
2024/01/01 21:50:13 Received message: 69b
