2024/01/01 21:36:56 Node node-8005 joined
2024/01/01 21:36:56 Joining 5 peers
2024/01/01 21:36:56 Node node-8001 joined
2024/01/01 21:36:56 Node node-8003 joined
2024/01/01 21:36:56 Node node-8002 joined
2024/01/01 21:36:56 Node node-8004 joined
2024/01/01 21:36:56 Node node-8000 joined
2024/01/01 21:36:56 Listening on :8085
2024/01/01 21:36:58 Node node-8006 joined
2024/01/01 21:37:00 Node node-8007 joined
2024/01/01 21:37:02 Node node-8008 joined
2024/01/01 21:37:04 Node node-8009 joined
2024/01/01 21:37:24 Received message: 69b
2024/01/01 21:37:25 Received message: 69b
2024/01/01 21:37:25 Received message: 69b
2024/01/01 21:37:26 Received message: 69b
2024/01/01 21:37:30 Received message: omar
2024/01/01 21:37:30 Received message: omar
2024/01/01 21:37:34 Received message: omar
2024/01/01 21:37:34 Received message: omar
2024/01/01 21:37:35 Received message: omar
2024/01/01 21:37:36 Received message: omar
2024/01/01 21:37:42 Received message: omar
2024/01/01 21:37:43 Received message: omar
2024/01/01 21:37:47 Received message: 69b
2024/01/01 21:45:16 Node node-8005 joined
2024/01/01 21:45:16 Joining 5 peers
2024/01/01 21:45:16 Node node-8002 joined
2024/01/01 21:45:16 Node node-8003 joined
2024/01/01 21:45:16 Node node-8000 joined
2024/01/01 21:45:16 Node node-8001 joined
2024/01/01 21:45:16 Node node-8004 joined
2024/01/01 21:45:16 Listening on :8085
2024/01/01 21:45:18 Node node-8006 joined
2024/01/01 21:45:20 Node node-8007 joined
2024/01/01 21:45:22 Node node-8008 joined
2024/01/01 21:45:24 Node node-8009 joined
2024/01/01 21:47:26 Node node-8005 joined
2024/01/01 21:47:26 Joining 5 peers
2024/01/01 21:47:26 Node node-8004 joined
2024/01/01 21:47:26 Node node-8000 joined
2024/01/01 21:47:26 Node node-8001 joined
2024/01/01 21:47:26 Node node-8002 joined
2024/01/01 21:47:26 Node node-8003 joined
2024/01/01 21:47:26 Listening on :8085
2024/01/01 21:47:28 Node node-8006 joined
2024/01/01 21:47:30 Node node-8007 joined
2024/01/01 21:47:32 Node node-8008 joined
2024/01/01 21:47:34 Node node-8009 joined
2024/01/01 21:50:04 Received message: 69b
2024/01/01 21:50:09 Received message: 69b
2024/01/01 21:50:11 Received message: 69b
2024/01/01 21:50:11 Received message: 69b
2024/01/01 21:50:12 Received message: 69b
