2024/01/01 21:37:02 Node node-8008 joined
2024/01/01 21:37:02 Joining 8 peers
2024/01/01 21:37:02 Node node-8003 joined
2024/01/01 21:37:02 Node node-8000 joined
2024/01/01 21:37:02 Node node-8002 joined
2024/01/01 21:37:02 Node node-8006 joined
2024/01/01 21:37:02 Node node-8004 joined
2024/01/01 21:37:02 Node node-8005 joined
2024/01/01 21:37:02 Node node-8001 joined
2024/01/01 21:37:02 Node node-8007 joined
2024/01/01 21:37:02 Listening on :8088
2024/01/01 21:37:04 Node node-8009 joined
2024/01/01 21:37:19 Received message: 69b
2024/01/01 21:37:26 Received message: 69b
2024/01/01 21:37:26 Received message: 69b
2024/01/01 21:37:35 Received message: omar
2024/01/01 21:37:38 Received message: omar
2024/01/01 21:37:39 Received message: omar
2024/01/01 21:37:41 Received message: omar
2024/01/01 21:37:44 Received message: omar
2024/01/01 21:37:47 Received message: 69b
2024/01/01 21:45:22 Node node-8008 joined
2024/01/01 21:45:22 Joining 8 peers
2024/01/01 21:45:22 Node node-8005 joined
2024/01/01 21:45:22 Node node-8003 joined
2024/01/01 21:45:22 Node node-8000 joined
2024/01/01 21:45:22 Node node-8001 joined
2024/01/01 21:45:22 Node node-8004 joined
2024/01/01 21:45:22 Node node-8006 joined
2024/01/01 21:45:22 Node node-8007 joined
2024/01/01 21:45:22 Node node-8002 joined
2024/01/01 21:45:22 Listening on :8088
2024/01/01 21:45:24 Node node-8009 joined
2024/01/01 21:47:32 Node node-8008 joined
2024/01/01 21:47:32 Joining 8 peers
2024/01/01 21:47:32 Node node-8004 joined
2024/01/01 21:47:32 Node node-8005 joined
2024/01/01 21:47:32 Node node-8006 joined
2024/01/01 21:47:32 Node node-8002 joined
2024/01/01 21:47:32 Node node-8007 joined
2024/01/01 21:47:32 Node node-8000 joined
2024/01/01 21:47:32 Node node-8001 joined
2024/01/01 21:47:32 Node node-8003 joined
2024/01/01 21:47:32 Listening on :8088
2024/01/01 21:47:34 Node node-8009 joined
2024/01/01 21:50:04 Received message: 69b
2024/01/01 21:50:09 Received message: 69b
2024/01/01 21:50:12 Received message: 69b
2024/01/01 21:50:13 Received message: 69b
