2024/01/01 21:36:58 Node node-8006 joined
2024/01/01 21:36:58 Joining 6 peers
2024/01/01 21:36:58 Node node-8001 joined
2024/01/01 21:36:58 Node node-8003 joined
2024/01/01 21:36:58 Node node-8005 joined
2024/01/01 21:36:58 Node node-8004 joined
2024/01/01 21:36:58 Node node-8000 joined
2024/01/01 21:36:58 Node node-8002 joined
2024/01/01 21:36:58 Listening on :8086
2024/01/01 21:37:00 Node node-8007 joined
2024/01/01 21:37:02 Node node-8008 joined
2024/01/01 21:37:04 Node node-8009 joined
2024/01/01 21:37:19 Received message: 69b
2024/01/01 21:37:25 Received message: 69b
2024/01/01 21:37:30 Received message: omar
2024/01/01 21:37:30 Received message: omar
2024/01/01 21:37:34 Received message: omar
2024/01/01 21:37:38 Received message: omar
2024/01/01 21:37:38 Received message: omar
2024/01/01 21:37:39 Received message: omar
2024/01/01 21:37:39 Received message: omar
2024/01/01 21:37:40 Received message: omar
2024/01/01 21:37:40 Received message: omar
2024/01/01 21:37:41 Received message: omar
2024/01/01 21:37:42 Received message: omar
2024/01/01 21:37:43 Received message: omar
2024/01/01 21:37:43 Received message: omar
2024/01/01 21:37:47 Received message: 69b
2024/01/01 21:45:18 Node node-8006 joined
2024/01/01 21:45:18 Joining 6 peers
2024/01/01 21:45:18 Node node-8005 joined
2024/01/01 21:45:18 Node node-8003 joined
2024/01/01 21:45:18 Node node-8000 joined
2024/01/01 21:45:18 Node node-8001 joined
2024/01/01 21:45:18 Node node-8004 joined
2024/01/01 21:45:18 Node node-8002 joined
2024/01/01 21:45:18 Listening on :8086
2024/01/01 21:45:20 Node node-8007 joined
2024/01/01 21:45:22 Node node-8008 joined
2024/01/01 21:45:24 Node node-8009 joined
2024/01/01 21:47:28 Node node-8006 joined
2024/01/01 21:47:28 Joining 6 peers
2024/01/01 21:47:28 Node node-8004 joined
2024/01/01 21:47:28 Node node-8005 joined
2024/01/01 21:47:28 Node node-8001 joined
2024/01/01 21:47:28 Node node-8002 joined
2024/01/01 21:47:28 Node node-8003 joined
2024/01/01 21:47:28 Node node-8000 joined
2024/01/01 21:47:28 Listening on :8086
2024/01/01 21:47:30 Node node-8007 joined
2024/01/01 21:47:32 Node node-8008 joined
2024/01/01 21:47:34 Node node-8009 joined
2024/01/01 21:50:03 Received message: 69b
2024/01/01 21:50:09 Received message: 69b
2024/01/01 21:50:11 Received message: 69b
2024/01/01 21:50:13 Received message: 69b
