2024/01/01 21:37:04 Node node-8009 joined
2024/01/01 21:37:04 Joining 9 peers
2024/01/01 21:37:04 Node node-8003 joined
2024/01/01 21:37:04 Node node-8000 joined
2024/01/01 21:37:04 Node node-8002 joined
2024/01/01 21:37:04 Node node-8006 joined
2024/01/01 21:37:04 Node node-8004 joined
2024/01/01 21:37:04 Node node-8005 joined
2024/01/01 21:37:04 Node node-8008 joined
2024/01/01 21:37:04 Node node-8007 joined
2024/01/01 21:37:04 Node node-8001 joined
2024/01/01 21:37:04 Listening on :8089
2024/01/01 21:37:22 Received message: 69b
2024/01/01 21:37:24 Received message: 69b
2024/01/01 21:37:37 Received message: omar
2024/01/01 21:37:38 Received message: omar
2024/01/01 21:37:39 Received message: omar
2024/01/01 21:37:40 Received message: omar
2024/01/01 21:37:42 Received message: omar
2024/01/01 21:37:44 Received message: omar
2024/01/01 21:45:24 Node node-8009 joined
2024/01/01 21:45:24 Joining 9 peers
2024/01/01 21:45:24 Node node-8006 joined
2024/01/01 21:45:24 Node node-8005 joined
2024/01/01 21:45:24 Node node-8004 joined
2024/01/01 21:45:24 Node node-8002 joined
2024/01/01 21:45:24 Node node-8008 joined
2024/01/01 21:45:24 Node node-8007 joined
2024/01/01 21:45:24 Node node-8001 joined
2024/01/01 21:45:24 Node node-8000 joined
2024/01/01 21:45:24 Node node-8003 joined
2024/01/01 21:45:24 Listening on :8089
2024/01/01 21:47:34 Node node-8009 joined
2024/01/01 21:47:34 Joining 9 peers
2024/01/01 21:47:34 Node node-8002 joined
2024/01/01 21:47:34 Node node-8001 joined
2024/01/01 21:47:34 Node node-8007 joined
2024/01/01 21:47:34 Node node-8004 joined
2024/01/01 21:47:34 Node node-8006 joined
2024/01/01 21:47:34 Node node-8000 joined
2024/01/01 21:47:34 Node node-8005 joined
2024/01/01 21:47:34 Node node-8003 joined
2024/01/01 21:47:34 Node node-8008 joined
2024/01/01 21:47:34 Listening on :8089
2024/01/01 21:50:10 Received message: 69b
